[32m[Nest] 4412  - [39m07/03/2026, 3:10:55 AM [32m    LOG[39m [38;5;3m[NestFactory] [39m[32mStarting Nest application...[39m
[32m[Nest] 4412  - [39m07/03/2026, 3:10:55 AM [32m    LOG[39m [38;5;3m[InstanceLoader] [39m[32mAppModule dependencies initialized[39m[38;5;3m +16ms[39m
[32m[Nest] 4412  - [39m07/03/2026, 3:10:55 AM [32m    LOG[39m [38;5;3m[InstanceLoader] [39m[32mAuthModule dependencies initialized[39m[38;5;3m +1ms[39m
[32m[Nest] 4412  - [39m07/03/2026, 3:10:55 AM [32m    LOG[39m [38;5;3m[InstanceLoader] [39m[32mEmployeeModule dependencies initialized[39m[38;5;3m +0ms[39m
[32m[Nest] 4412  - [39m07/03/2026, 3:10:55 AM [32m    LOG[39m [38;5;3m[InstanceLoader] [39m[32mLocationModule dependencies initialized[39m[38;5;3m +0ms[39m
[32m[Nest] 4412  - [39m07/03/2026, 3:10:55 AM [32m    LOG[39m [38;5;3m[WebSocketsController] [39m[32mLocationGateway subscribed to the "subscribe_locations" message[39m[38;5;3m +157ms[39m
[32m[Nest] 4412  - [39m07/03/2026, 3:10:55 AM [32m    LOG[39m [38;5;3m[WebSocketsController] [39m[32mLocationGateway subscribed to the "ping_from_client" message[39m[38;5;3m +0ms[39m
[32m[Nest] 4412  - [39m07/03/2026, 3:10:55 AM [32m    LOG[39m [38;5;3m[RoutesResolver] [39m[32mAppController {/api}:[39m[38;5;3m +1ms[39m
[32m[Nest] 4412  - [39m07/03/2026, 3:10:55 AM [32m    LOG[39m [38;5;3m[RouterExplorer] [39m[32mMapped {/health, GET} route[39m[38;5;3m +2ms[39m
[32m[Nest] 4412  - [39m07/03/2026, 3:10:55 AM [32m    LOG[39m [38;5;3m[RouterExplorer] [39m[32mMapped {/api/(.*), ALL} route[39m[38;5;3m +2ms[39m
[32m[Nest] 4412  - [39m07/03/2026, 3:10:55 AM [32m    LOG[39m [38;5;3m[RoutesResolver] [39m[32mAuthController {/api/auth}:[39m[38;5;3m +0ms[39m
[32m[Nest] 4412  - [39m07/03/2026, 3:10:55 AM [32m    LOG[39m [38;5;3m[RouterExplorer] [39m[32mMapped {/api/auth/login, POST} route[39m[38;5;3m +0ms[39m
[32m[Nest] 4412  - [39m07/03/2026, 3:10:55 AM [32m    LOG[39m [38;5;3m[RouterExplorer] [39m[32mMapped {/api/auth/me, GET} route[39m[38;5;3m +1ms[39m
[32m[Nest] 4412  - [39m07/03/2026, 3:10:55 AM [32m    LOG[39m [38;5;3m[RoutesResolver] [39m[32mSeedController {/api/seed}:[39m[38;5;3m +0ms[39m
[32m[Nest] 4412  - [39m07/03/2026, 3:10:55 AM [32m    LOG[39m [38;5;3m[RouterExplorer] [39m[32mMapped {/api/seed, GET} route[39m[38;5;3m +0ms[39m
[32m[Nest] 4412  - [39m07/03/2026, 3:10:55 AM [32m    LOG[39m [38;5;3m[RoutesResolver] [39m[32mEmployeeController {/api/employees}:[39m[38;5;3m +0ms[39m
[32m[Nest] 4412  - [39m07/03/2026, 3:10:55 AM [32m    LOG[39m [38;5;3m[RouterExplorer] [39m[32mMapped {/api/employees, POST} route[39m[38;5;3m +0ms[39m
[32m[Nest] 4412  - [39m07/03/2026, 3:10:55 AM [32m    LOG[39m [38;5;3m[RouterExplorer] [39m[32mMapped {/api/employees, GET} route[39m[38;5;3m +1ms[39m
[32m[Nest] 4412  - [39m07/03/2026, 3:10:55 AM [32m    LOG[39m [38;5;3m[RouterExplorer] [39m[32mMapped {/api/employees/:id, GET} route[39m[38;5;3m +0ms[39m
[32m[Nest] 4412  - [39m07/03/2026, 3:10:55 AM [32m    LOG[39m [38;5;3m[RouterExplorer] [39m[32mMapped {/api/employees/:id, PUT} route[39m[38;5;3m +1ms[39m
[32m[Nest] 4412  - [39m07/03/2026, 3:10:55 AM [32m    LOG[39m [38;5;3m[RouterExplorer] [39m[32mMapped {/api/employees/:id, DELETE} route[39m[38;5;3m +0ms[39m
[32m[Nest] 4412  - [39m07/03/2026, 3:10:55 AM [32m    LOG[39m [38;5;3m[RoutesResolver] [39m[32mLocationController {/api/locations}:[39m[38;5;3m +0ms[39m
[32m[Nest] 4412  - [39m07/03/2026, 3:10:55 AM [32m    LOG[39m [38;5;3m[RouterExplorer] [39m[32mMapped {/api/locations, POST} route[39m[38;5;3m +0ms[39m
[32m[Nest] 4412  - [39m07/03/2026, 3:10:55 AM [32m    LOG[39m [38;5;3m[RouterExplorer] [39m[32mMapped {/api/locations/live, GET} route[39m[38;5;3m +0ms[39m
[32m[Nest] 4412  - [39m07/03/2026, 3:10:55 AM [32m    LOG[39m [38;5;3m[RouterExplorer] [39m[32mMapped {/api/locations/history/:employeeId, GET} route[39m[38;5;3m +1ms[39m
Successfully connected to the database via Prisma Client.
Successfully connected to the database via Prisma Client.
Successfully connected to the database via Prisma Client.
Successfully connected to the database via Prisma Client.
[32m[Nest] 4412  - [39m07/03/2026, 3:10:55 AM [32m    LOG[39m [38;5;3m[NestApplication] [39m[32mNest application successfully started[39m[38;5;3m +20ms[39m
[31m[Nest] 4412  - [39m07/03/2026, 3:10:55 AM [31m  ERROR[39m [38;5;3m[NestApplication] [39m[31mError: listen EADDRINUSE: address already in use 0.0.0.0:3005[39m[38;5;3m +10ms[39m
node:net:1941
    const ex = new UVExceptionWithHostPort(err, 'listen', address, port);
               ^

Error: listen EADDRINUSE: address already in use 0.0.0.0:3005
    at Server.setupListenHandle [as _listen2] (node:net:1941:16)
    at listenInCluster (node:net:1998:12)
    at node:net:2207:7
    at process.processTicksAndRejections (node:internal/process/task_queues:89:21) {
  code: 'EADDRINUSE',
  errno: -98,
  syscall: 'listen',
  address: '0.0.0.0',
  port: 3005
}

Node.js v22.23.0
